<?xml version="1.0" encoding="UTF-8"?>
<testsuite xmlns:xsi="http://www.w3.org/2001/XMLSchema-instance" xsi:noNamespaceSchemaLocation="https://maven.apache.org/surefire/maven-surefire-plugin/xsd/surefire-test-report.xsd" name="TestSuite" time="19.405" tests="10" errors="0" skipped="0" failures="0">
  <properties>
    <property name="java.specification.version" value="17"/>
    <property name="sun.cpu.isalist" value="amd64"/>
    <property name="sun.jnu.encoding" value="Cp1252"/>
    <property name="java.class.path" value="C:\Program Files\apache-maven-3.9.4\boot\plexus-classworlds-2.7.0.jar"/>
    <property name="java.vm.vendor" value="Oracle Corporation"/>
    <property name="sun.arch.data.model" value="64"/>
    <property name="user.variant" value=""/>
    <property name="java.vendor.url" value="https://java.oracle.com/"/>
    <property name="user.timezone" value="America/Buenos_Aires"/>
    <property name="maven.conf" value="C:\Program Files\apache-maven-3.9.4/conf"/>
    <property name="java.vm.specification.version" value="17"/>
    <property name="os.name" value="Windows 11"/>
    <property name="sun.java.launcher" value="SUN_STANDARD"/>
    <property name="user.country" value="AR"/>
    <property name="sun.boot.library.path" value="C:\Program Files\Java\jdk-17\bin"/>
    <property name="sun.java.command" value="org.codehaus.plexus.classworlds.launcher.Launcher test"/>
    <property name="jdk.debug" value="release"/>
    <property name="maven.home" value="C:\Program Files\apache-maven-3.9.4"/>
    <property name="sun.cpu.endian" value="little"/>
    <property name="user.home" value="C:\Users\maria"/>
    <property name="user.language" value="es"/>
    <property name="sun.stderr.encoding" value="cp850"/>
    <property name="java.specification.vendor" value="Oracle Corporation"/>
    <property name="java.version.date" value="2023-07-18"/>
    <property name="java.home" value="C:\Program Files\Java\jdk-17"/>
    <property name="file.separator" value="\"/>
    <property name="java.vm.compressedOopsMode" value="32-bit"/>
    <property name="line.separator" value="&#10;"/>
    <property name="sun.stdout.encoding" value="cp850"/>
    <property name="java.vm.specification.vendor" value="Oracle Corporation"/>
    <property name="java.specification.name" value="Java Platform API Specification"/>
    <property name="user.script" value=""/>
    <property name="sun.management.compiler" value="HotSpot 64-Bit Tiered Compilers"/>
    <property name="java.runtime.version" value="17.0.8+9-LTS-211"/>
    <property name="user.name" value="maria"/>
    <property name="path.separator" value=";"/>
    <property name="os.version" value="10.0"/>
    <property name="java.runtime.name" value="Java(TM) SE Runtime Environment"/>
    <property name="file.encoding" value="Cp1252"/>
    <property name="guice.disable.misplaced.annotation.check" value="true"/>
    <property name="java.vm.name" value="Java HotSpot(TM) 64-Bit Server VM"/>
    <property name="java.vendor.url.bug" value="https://bugreport.java.com/bugreport/"/>
    <property name="java.io.tmpdir" value="C:\Users\maria\AppData\Local\Temp\"/>
    <property name="java.version" value="17.0.8"/>
    <property name="user.dir" value="C:\Users\maria\OneDrive\Documents\Repositorio-GitHub\Prueba_Merlin_1.3\ApisProyect"/>
    <property name="os.arch" value="amd64"/>
    <property name="maven.multiModuleProjectDirectory" value="C:\Users\maria\OneDrive\Documents\Repositorio-GitHub\Prueba_Merlin_1.3\ApisProyect"/>
    <property name="java.vm.specification.name" value="Java Virtual Machine Specification"/>
    <property name="sun.os.patch.level" value=""/>
    <property name="native.encoding" value="Cp1252"/>
    <property name="java.library.path" value="C:\Program Files\Java\jdk-17\bin;C:\WINDOWS\Sun\Java\bin;C:\WINDOWS\system32;C:\WINDOWS;C:\Program Files\Common Files\Oracle\Java\javapath;C:\WINDOWS\system32;C:\WINDOWS;C:\WINDOWS\System32\Wbem;C:\WINDOWS\System32\WindowsPowerShell\v1.0\;C:\WINDOWS\System32\OpenSSH\;C:\Program Files\Docker\Docker\resources\bin;C:\Program Files\nodejs\;C:\Program Files\Git\cmd;C:\Program Files\apache-maven-3.9.4\bin;C:\Users\maria\AppData\Local\Microsoft\WindowsApps;C:\Program Files\JetBrains\IntelliJ IDEA Community Edition 2022.3.2\bin;;C:\Users\maria\AppData\Roaming\npm;C:\Users\maria\AppData\Local\Programs\Microsoft VS Code\bin;C:\Program Files\apache-maven-3.9.4\bin;;."/>
    <property name="java.vm.info" value="mixed mode, sharing"/>
    <property name="java.vendor" value="Oracle Corporation"/>
    <property name="java.vm.version" value="17.0.8+9-LTS-211"/>
    <property name="classworlds.conf" value="C:\Program Files\apache-maven-3.9.4\bin\m2.conf"/>
    <property name="sun.io.unicode.encoding" value="UnicodeLittle"/>
    <property name="library.jansi.path" value="C:\Program Files\apache-maven-3.9.4\lib\jansi-native"/>
    <property name="java.class.version" value="61.0"/>
  </properties>
  <testcase name="registerOk" classname="Tests.AUserTests.ARegisterTests" time="6.036"/>
  <testcase name="registerHeaders" classname="Tests.AUserTests.ARegisterTests" time="1.089"/>
  <testcase name="registerOkContentType" classname="Tests.AUserTests.ARegisterTests" time="0.868"/>
  <testcase name="httpStatus200OnGetUserByUsername" classname="Tests.AUserTests.BUserTests" time="0.938"/>
  <testcase name="OnGetUserByIdWithWrongUsername" classname="Tests.AUserTests.BUserTests" time="0.865"/>
  <testcase name="putUserByUsername" classname="Tests.AUserTests.BUserTests" time="0.843"/>
  <testcase name="deleteUser" classname="Tests.AUserTests.BUserTests" time="0.818"/>
  <testcase name="httpStatus200OnGetUserByUsername" classname="Tests.BPetTests.APetTests" time="1.166"/>
  <testcase name="getASoldPetsList" classname="Tests.BPetTests.APetTests" time="1.287"/>
  <testcase name="getASoldPetsQuantityByName" classname="Tests.BPetTests.APetTests" time="0.97"/>
</testsuite>