<?xml version="1.0" encoding="UTF-8"?>
<!-- Generated by org.testng.reporters.JUnitReportReporter -->
<testsuite hostname="MARU" failures="0" tests="4" name="Tests.AUserTests.BUserTests" time="3.442" errors="0" timestamp="2023-10-04T02:20:17 ART" skipped="0">
  <testcase classname="Tests.AUserTests.BUserTests" name="httpStatus200OnGetUserByUsername" time="0.935"/>
  <system-out/>
  <testcase classname="Tests.AUserTests.BUserTests" name="OnGetUserByIdWithWrongUsername" time="0.856"/>
  <system-out/>
  <testcase classname="Tests.AUserTests.BUserTests" name="putUserByUsername" time="0.838"/>
  <system-out/>
  <testcase classname="Tests.AUserTests.BUserTests" name="deleteUser" time="0.813"/>
  <system-out/>
</testsuite> <!-- Tests.AUserTests.BUserTests -->
