<?xml version="1.0" encoding="UTF-8"?>
<!-- Generated by org.testng.reporters.JUnitReportReporter -->
<testsuite hostname="MARU" failures="0" tests="3" name="Tests.BPetTests.APetTests" time="3.412" errors="0" timestamp="2023-10-04T02:20:17 ART" skipped="0">
  <testcase classname="Tests.BPetTests.APetTests" name="httpStatus200OnGetUserByUsername" time="1.162"/>
  <system-out/>
  <testcase classname="Tests.BPetTests.APetTests" name="getASoldPetsList" time="1.286"/>
  <system-out/>
  <testcase classname="Tests.BPetTests.APetTests" name="getASoldPetsQuantityByName" time="0.964"/>
  <system-out/>
</testsuite> <!-- Tests.BPetTests.APetTests -->
