<?xml version="1.0" encoding="UTF-8"?>
<!-- Generated by org.testng.reporters.JUnitReportReporter -->
<testsuite hostname="MARU" failures="0" tests="3" name="Tests.AUserTests.ARegisterTests" time="7.827" errors="0" timestamp="2023-10-04T02:20:17 ART" skipped="0">
  <testcase classname="Tests.AUserTests.ARegisterTests" name="registerOk" time="5.880"/>
  <system-out/>
  <testcase classname="Tests.AUserTests.ARegisterTests" name="registerHeaders" time="1.083"/>
  <system-out/>
  <testcase classname="Tests.AUserTests.ARegisterTests" name="registerOkContentType" time="0.864"/>
  <system-out/>
</testsuite> <!-- Tests.AUserTests.ARegisterTests -->
